The data file uses the same format of LAMMPS.The unit is LAMMPS metal unit.
The default bond length is the bond length in pymatgen with bond order one.
The default cutting distance for neighbors is 1.1 times of the bond lengths!
The default coordination number is 4.
Seakmc start ...
Successfully loading input and structure ...
Relaxing the initial structure ...
istep KMC: 0
There are 8 defects before the point defect reduction.
The ground energy is -8020.23 eV at 0 KMC step!
There are 2 defects (active volumes) in data at 0 KMC step!
The fractional coords of the defect center are [0.95 0.95 0.95] at 0 KMC step!

ActVol ID: 0 nactive:167 nbuffer:282 nfixed:1502
AV center fractional coords: (0.95694, 0.95694, 0.95694)
idav:0, idsps: 0,  ntrans: 169,  barrier:0.646,  ebias: 0.553
      dmag:0.863, dmagFin:1.213, isConnect: True
      Valid SPs: 1, num of SPs:1, time: 17.041 s
-----------------------------------------------------------------
idav:0, idsps: 1,  ntrans: 198,  barrier:0.649,  ebias: 0.553
      dmag:0.861, dmagFin:1.213, isConnect: True
      Valid SPs: 2, num of SPs:2, time: 16.759 s
-----------------------------------------------------------------
Found 2 saddle points in 0 active volume!
-----------------------------------------------------------------
Total time for 0 active volume: 34.179 s
-----------------------------------------------------------------
ActVol ID: 1 nactive:167 nbuffer:282 nfixed:1502
AV center fractional coords: (0.94306, 0.94306, 0.94306)
idav:1, idsps: 0,  ntrans: 184,  barrier:0.646,  ebias: 0.553
      dmag:0.863, dmagFin:1.213, isConnect: True
      Valid SPs: 1, num of SPs:1, time: 14.519 s
-----------------------------------------------------------------
idav:1, idsps: 1,  ntrans: 164,  barrier:0.646,  ebias: 0.553
      dmag:0.863, dmagFin:1.213, isConnect: True
      Valid SPs: 2, num of SPs:2, time: 12.503 s
-----------------------------------------------------------------
Found 2 saddle points in 1 active volume!
-----------------------------------------------------------------
Total time for 1 active volume: 27.347 s
-----------------------------------------------------------------
In KMC step ...
Current basin info at 0 KMC step - ID:0 Number of saddle points:4 ID of selection:[2]
                  Selected event - Barrier:0.646 Backward barrier:0.093
-----------------------------------------------------------------
Relaxing the structure ...
KMC 0th step is finished.
Time step for 0 KMC step: 175.095 ps
Summed time steps after 0 KMC step: 175.095 ps
Real time cost for 0 KMC step: 67.186 s
===================================================================
Total KMC time steps for this simulation: 175.095 ps
Real time cost for this simulation:67.844 s
===================================================================